mode: set
github.com/cfabrica46/gokit-crud/database-app/service/endpoints.go:10.70,11.69 1 1
github.com/cfabrica46/gokit-crud/database-app/service/endpoints.go:11.69,13.17 2 1
github.com/cfabrica46/gokit-crud/database-app/service/endpoints.go:16.3,16.45 1 1
github.com/cfabrica46/gokit-crud/database-app/service/endpoints.go:13.17,15.4 1 1
github.com/cfabrica46/gokit-crud/database-app/service/endpoints.go:21.70,22.75 1 1
github.com/cfabrica46/gokit-crud/database-app/service/endpoints.go:22.75,25.17 3 1
github.com/cfabrica46/gokit-crud/database-app/service/endpoints.go:28.3,28.44 1 1
github.com/cfabrica46/gokit-crud/database-app/service/endpoints.go:25.17,27.4 1 1
github.com/cfabrica46/gokit-crud/database-app/service/endpoints.go:33.87,34.75 1 1
github.com/cfabrica46/gokit-crud/database-app/service/endpoints.go:34.75,37.17 3 1
github.com/cfabrica46/gokit-crud/database-app/service/endpoints.go:40.3,40.61 1 1
github.com/cfabrica46/gokit-crud/database-app/service/endpoints.go:37.17,39.4 1 1
github.com/cfabrica46/gokit-crud/database-app/service/endpoints.go:45.74,46.75 1 1
github.com/cfabrica46/gokit-crud/database-app/service/endpoints.go:46.75,49.17 3 1
github.com/cfabrica46/gokit-crud/database-app/service/endpoints.go:52.3,52.46 1 1
github.com/cfabrica46/gokit-crud/database-app/service/endpoints.go:49.17,51.4 1 1
github.com/cfabrica46/gokit-crud/database-app/service/endpoints.go:57.69,58.75 1 1
github.com/cfabrica46/gokit-crud/database-app/service/endpoints.go:58.75,61.17 3 1
github.com/cfabrica46/gokit-crud/database-app/service/endpoints.go:64.3,64.37 1 1
github.com/cfabrica46/gokit-crud/database-app/service/endpoints.go:61.17,63.4 1 1
github.com/cfabrica46/gokit-crud/database-app/service/endpoints.go:69.69,70.75 1 1
github.com/cfabrica46/gokit-crud/database-app/service/endpoints.go:70.75,73.17 3 1
github.com/cfabrica46/gokit-crud/database-app/service/endpoints.go:76.3,76.51 1 1
github.com/cfabrica46/gokit-crud/database-app/service/endpoints.go:73.17,75.4 1 1
github.com/cfabrica46/gokit-crud/database-app/service/service.go:26.38,28.2 1 1
github.com/cfabrica46/gokit-crud/database-app/service/service.go:31.58,34.16 3 1
github.com/cfabrica46/gokit-crud/database-app/service/service.go:38.2,38.18 1 1
github.com/cfabrica46/gokit-crud/database-app/service/service.go:43.2,43.8 1 1
github.com/cfabrica46/gokit-crud/database-app/service/service.go:34.16,36.3 1 1
github.com/cfabrica46/gokit-crud/database-app/service/service.go:38.18,42.3 3 1
github.com/cfabrica46/gokit-crud/database-app/service/service.go:47.61,51.16 3 1
github.com/cfabrica46/gokit-crud/database-app/service/service.go:57.2,57.8 1 1
github.com/cfabrica46/gokit-crud/database-app/service/service.go:51.16,52.27 1 1
github.com/cfabrica46/gokit-crud/database-app/service/service.go:55.3,55.9 1 1
github.com/cfabrica46/gokit-crud/database-app/service/service.go:52.27,54.4 1 1
github.com/cfabrica46/gokit-crud/database-app/service/service.go:61.97,65.16 3 1
github.com/cfabrica46/gokit-crud/database-app/service/service.go:71.2,71.8 1 1
github.com/cfabrica46/gokit-crud/database-app/service/service.go:65.16,66.27 1 1
github.com/cfabrica46/gokit-crud/database-app/service/service.go:69.3,69.9 1 1
github.com/cfabrica46/gokit-crud/database-app/service/service.go:66.27,68.4 1 1
github.com/cfabrica46/gokit-crud/database-app/service/service.go:75.71,79.16 3 1
github.com/cfabrica46/gokit-crud/database-app/service/service.go:85.2,85.8 1 1
github.com/cfabrica46/gokit-crud/database-app/service/service.go:79.16,80.27 1 1
github.com/cfabrica46/gokit-crud/database-app/service/service.go:83.3,83.9 1 1
github.com/cfabrica46/gokit-crud/database-app/service/service.go:80.27,82.4 1 1
github.com/cfabrica46/gokit-crud/database-app/service/service.go:89.76,91.16 2 1
github.com/cfabrica46/gokit-crud/database-app/service/service.go:95.2,96.16 2 1
github.com/cfabrica46/gokit-crud/database-app/service/service.go:99.2,99.8 1 1
github.com/cfabrica46/gokit-crud/database-app/service/service.go:91.16,93.3 1 1
github.com/cfabrica46/gokit-crud/database-app/service/service.go:96.16,98.3 1 0
github.com/cfabrica46/gokit-crud/database-app/service/service.go:103.68,105.16 2 1
github.com/cfabrica46/gokit-crud/database-app/service/service.go:109.2,112.8 4 1
github.com/cfabrica46/gokit-crud/database-app/service/service.go:105.16,107.3 1 1
github.com/cfabrica46/gokit-crud/database-app/service/transport.go:10.88,13.2 2 1
github.com/cfabrica46/gokit-crud/database-app/service/transport.go:16.88,18.65 2 1
github.com/cfabrica46/gokit-crud/database-app/service/transport.go:21.2,21.21 1 1
github.com/cfabrica46/gokit-crud/database-app/service/transport.go:18.65,20.3 1 1
github.com/cfabrica46/gokit-crud/database-app/service/transport.go:25.105,27.65 2 1
github.com/cfabrica46/gokit-crud/database-app/service/transport.go:30.2,30.21 1 1
github.com/cfabrica46/gokit-crud/database-app/service/transport.go:27.65,29.3 1 1
github.com/cfabrica46/gokit-crud/database-app/service/transport.go:34.92,36.65 2 1
github.com/cfabrica46/gokit-crud/database-app/service/transport.go:39.2,39.21 1 1
github.com/cfabrica46/gokit-crud/database-app/service/transport.go:36.65,38.3 1 1
github.com/cfabrica46/gokit-crud/database-app/service/transport.go:43.87,45.65 2 1
github.com/cfabrica46/gokit-crud/database-app/service/transport.go:48.2,48.21 1 1
github.com/cfabrica46/gokit-crud/database-app/service/transport.go:45.65,47.3 1 1
github.com/cfabrica46/gokit-crud/database-app/service/transport.go:52.87,54.65 2 1
github.com/cfabrica46/gokit-crud/database-app/service/transport.go:57.2,57.21 1 1
github.com/cfabrica46/gokit-crud/database-app/service/transport.go:54.65,56.3 1 1
github.com/cfabrica46/gokit-crud/database-app/service/transport.go:61.91,63.2 1 1
