mode: set
github.com/cfabrica46/gokit-crud/database-app/service/credentials.go:11.13,13.46 2 1
github.com/cfabrica46/gokit-crud/database-app/service/credentials.go:17.2,24.23 7 1
github.com/cfabrica46/gokit-crud/database-app/service/credentials.go:13.46,15.3 1 1
github.com/cfabrica46/gokit-crud/database-app/service/endpoints.go:9.70,10.75 1 1
github.com/cfabrica46/gokit-crud/database-app/service/endpoints.go:10.75,12.17 2 1
github.com/cfabrica46/gokit-crud/database-app/service/endpoints.go:15.3,15.45 1 1
github.com/cfabrica46/gokit-crud/database-app/service/endpoints.go:12.17,14.4 1 1
github.com/cfabrica46/gokit-crud/database-app/service/endpoints.go:19.70,20.75 1 1
github.com/cfabrica46/gokit-crud/database-app/service/endpoints.go:20.75,23.17 3 1
github.com/cfabrica46/gokit-crud/database-app/service/endpoints.go:26.3,26.44 1 1
github.com/cfabrica46/gokit-crud/database-app/service/endpoints.go:23.17,25.4 1 1
github.com/cfabrica46/gokit-crud/database-app/service/endpoints.go:30.87,31.75 1 1
github.com/cfabrica46/gokit-crud/database-app/service/endpoints.go:31.75,34.17 3 1
github.com/cfabrica46/gokit-crud/database-app/service/endpoints.go:37.3,37.61 1 1
github.com/cfabrica46/gokit-crud/database-app/service/endpoints.go:34.17,36.4 1 1
github.com/cfabrica46/gokit-crud/database-app/service/endpoints.go:41.74,42.75 1 1
github.com/cfabrica46/gokit-crud/database-app/service/endpoints.go:42.75,45.17 3 1
github.com/cfabrica46/gokit-crud/database-app/service/endpoints.go:48.3,48.46 1 1
github.com/cfabrica46/gokit-crud/database-app/service/endpoints.go:45.17,47.4 1 1
github.com/cfabrica46/gokit-crud/database-app/service/endpoints.go:52.69,53.75 1 1
github.com/cfabrica46/gokit-crud/database-app/service/endpoints.go:53.75,56.17 3 1
github.com/cfabrica46/gokit-crud/database-app/service/endpoints.go:59.3,59.37 1 1
github.com/cfabrica46/gokit-crud/database-app/service/endpoints.go:56.17,58.4 1 1
github.com/cfabrica46/gokit-crud/database-app/service/endpoints.go:63.69,64.75 1 1
github.com/cfabrica46/gokit-crud/database-app/service/endpoints.go:64.75,67.17 3 1
github.com/cfabrica46/gokit-crud/database-app/service/endpoints.go:70.3,70.51 1 1
github.com/cfabrica46/gokit-crud/database-app/service/endpoints.go:67.17,69.4 1 1
github.com/cfabrica46/gokit-crud/database-app/service/service.go:25.28,27.2 1 1
github.com/cfabrica46/gokit-crud/database-app/service/service.go:29.65,30.19 1 1
github.com/cfabrica46/gokit-crud/database-app/service/service.go:40.2,40.8 1 1
github.com/cfabrica46/gokit-crud/database-app/service/service.go:30.19,32.17 2 1
github.com/cfabrica46/gokit-crud/database-app/service/service.go:35.3,36.17 2 1
github.com/cfabrica46/gokit-crud/database-app/service/service.go:32.17,34.4 1 1
github.com/cfabrica46/gokit-crud/database-app/service/service.go:36.17,38.4 1 1
github.com/cfabrica46/gokit-crud/database-app/service/service.go:43.65,45.16 2 1
github.com/cfabrica46/gokit-crud/database-app/service/service.go:49.2,49.18 1 1
github.com/cfabrica46/gokit-crud/database-app/service/service.go:54.2,54.8 1 1
github.com/cfabrica46/gokit-crud/database-app/service/service.go:45.16,47.3 1 1
github.com/cfabrica46/gokit-crud/database-app/service/service.go:49.18,53.3 3 1
github.com/cfabrica46/gokit-crud/database-app/service/service.go:57.68,62.16 4 1
github.com/cfabrica46/gokit-crud/database-app/service/service.go:68.2,69.8 2 1
github.com/cfabrica46/gokit-crud/database-app/service/service.go:62.16,63.27 1 1
github.com/cfabrica46/gokit-crud/database-app/service/service.go:66.3,66.9 1 1
github.com/cfabrica46/gokit-crud/database-app/service/service.go:63.27,65.4 1 1
github.com/cfabrica46/gokit-crud/database-app/service/service.go:72.104,78.16 4 1
github.com/cfabrica46/gokit-crud/database-app/service/service.go:84.2,87.8 4 1
github.com/cfabrica46/gokit-crud/database-app/service/service.go:78.16,79.27 1 1
github.com/cfabrica46/gokit-crud/database-app/service/service.go:82.3,82.9 1 1
github.com/cfabrica46/gokit-crud/database-app/service/service.go:79.27,81.4 1 1
github.com/cfabrica46/gokit-crud/database-app/service/service.go:90.71,94.16 3 1
github.com/cfabrica46/gokit-crud/database-app/service/service.go:100.2,100.8 1 1
github.com/cfabrica46/gokit-crud/database-app/service/service.go:94.16,95.27 1 1
github.com/cfabrica46/gokit-crud/database-app/service/service.go:98.3,98.9 1 1
github.com/cfabrica46/gokit-crud/database-app/service/service.go:95.27,97.4 1 1
github.com/cfabrica46/gokit-crud/database-app/service/service.go:103.76,105.16 2 1
github.com/cfabrica46/gokit-crud/database-app/service/service.go:109.2,110.16 2 1
github.com/cfabrica46/gokit-crud/database-app/service/service.go:113.2,113.8 1 1
github.com/cfabrica46/gokit-crud/database-app/service/service.go:105.16,107.3 1 1
github.com/cfabrica46/gokit-crud/database-app/service/service.go:110.16,112.3 1 1
github.com/cfabrica46/gokit-crud/database-app/service/service.go:116.94,118.16 2 1
github.com/cfabrica46/gokit-crud/database-app/service/service.go:122.2,125.8 4 1
github.com/cfabrica46/gokit-crud/database-app/service/service.go:118.16,120.3 1 1
github.com/cfabrica46/gokit-crud/database-app/service/transport.go:12.88,15.2 2 1
github.com/cfabrica46/gokit-crud/database-app/service/transport.go:17.88,27.2 5 1
github.com/cfabrica46/gokit-crud/database-app/service/transport.go:29.105,31.65 2 1
github.com/cfabrica46/gokit-crud/database-app/service/transport.go:34.2,34.21 1 1
github.com/cfabrica46/gokit-crud/database-app/service/transport.go:31.65,33.3 1 1
github.com/cfabrica46/gokit-crud/database-app/service/transport.go:37.92,44.2 4 1
github.com/cfabrica46/gokit-crud/database-app/service/transport.go:46.87,48.65 2 1
github.com/cfabrica46/gokit-crud/database-app/service/transport.go:51.2,51.21 1 1
github.com/cfabrica46/gokit-crud/database-app/service/transport.go:48.65,50.3 1 1
github.com/cfabrica46/gokit-crud/database-app/service/transport.go:54.87,56.65 2 1
github.com/cfabrica46/gokit-crud/database-app/service/transport.go:59.2,59.21 1 1
github.com/cfabrica46/gokit-crud/database-app/service/transport.go:56.65,58.3 1 1
github.com/cfabrica46/gokit-crud/database-app/service/transport.go:62.91,64.2 1 1
