mode: set
github.com/cfabrica46/gokit-crud/app/service/service.go:34.98,36.2 1 1
github.com/cfabrica46/gokit-crud/app/service/service.go:39.85,52.16 4 1
github.com/cfabrica46/gokit-crud/app/service/service.go:56.2,63.16 2 1
github.com/cfabrica46/gokit-crud/app/service/service.go:67.2,76.16 2 1
github.com/cfabrica46/gokit-crud/app/service/service.go:80.2,87.16 2 1
github.com/cfabrica46/gokit-crud/app/service/service.go:90.2,90.8 1 1
github.com/cfabrica46/gokit-crud/app/service/service.go:52.16,54.3 1 1
github.com/cfabrica46/gokit-crud/app/service/service.go:63.16,65.3 1 1
github.com/cfabrica46/gokit-crud/app/service/service.go:76.16,78.3 1 1
github.com/cfabrica46/gokit-crud/app/service/service.go:87.16,89.3 1 1
github.com/cfabrica46/gokit-crud/app/service/service.go:94.78,106.16 4 1
github.com/cfabrica46/gokit-crud/app/service/service.go:110.2,120.16 2 1
github.com/cfabrica46/gokit-crud/app/service/service.go:124.2,131.16 2 1
github.com/cfabrica46/gokit-crud/app/service/service.go:134.2,134.8 1 1
github.com/cfabrica46/gokit-crud/app/service/service.go:106.16,108.3 1 1
github.com/cfabrica46/gokit-crud/app/service/service.go:120.16,122.3 1 1
github.com/cfabrica46/gokit-crud/app/service/service.go:131.16,133.3 1 1
github.com/cfabrica46/gokit-crud/app/service/service.go:138.51,148.16 3 1
github.com/cfabrica46/gokit-crud/app/service/service.go:151.2,151.12 1 1
github.com/cfabrica46/gokit-crud/app/service/service.go:156.2,163.16 2 1
github.com/cfabrica46/gokit-crud/app/service/service.go:166.2,166.8 1 1
github.com/cfabrica46/gokit-crud/app/service/service.go:148.16,150.3 1 1
github.com/cfabrica46/gokit-crud/app/service/service.go:151.12,154.3 2 1
github.com/cfabrica46/gokit-crud/app/service/service.go:163.16,165.3 1 1
github.com/cfabrica46/gokit-crud/app/service/service.go:170.64,174.16 3 1
github.com/cfabrica46/gokit-crud/app/service/service.go:177.2,177.8 1 1
github.com/cfabrica46/gokit-crud/app/service/service.go:174.16,176.3 1 1
github.com/cfabrica46/gokit-crud/app/service/service.go:181.69,192.16 4 1
github.com/cfabrica46/gokit-crud/app/service/service.go:195.2,195.12 1 1
github.com/cfabrica46/gokit-crud/app/service/service.go:200.2,208.16 2 1
github.com/cfabrica46/gokit-crud/app/service/service.go:212.2,219.16 2 1
github.com/cfabrica46/gokit-crud/app/service/service.go:222.2,222.8 1 1
github.com/cfabrica46/gokit-crud/app/service/service.go:192.16,194.3 1 1
github.com/cfabrica46/gokit-crud/app/service/service.go:195.12,198.3 2 1
github.com/cfabrica46/gokit-crud/app/service/service.go:208.16,210.3 1 1
github.com/cfabrica46/gokit-crud/app/service/service.go:219.16,221.3 1 1
github.com/cfabrica46/gokit-crud/app/service/service.go:226.58,237.16 4 1
github.com/cfabrica46/gokit-crud/app/service/service.go:240.2,240.12 1 1
github.com/cfabrica46/gokit-crud/app/service/service.go:245.2,252.16 2 1
github.com/cfabrica46/gokit-crud/app/service/service.go:256.2,257.16 2 1
github.com/cfabrica46/gokit-crud/app/service/service.go:260.2,260.8 1 1
github.com/cfabrica46/gokit-crud/app/service/service.go:237.16,239.3 1 1
github.com/cfabrica46/gokit-crud/app/service/service.go:240.12,243.3 2 1
github.com/cfabrica46/gokit-crud/app/service/service.go:252.16,254.3 1 1
github.com/cfabrica46/gokit-crud/app/service/service.go:257.16,259.3 1 1
github.com/cfabrica46/gokit-crud/app/service/transport.go:10.83,12.65 2 1
github.com/cfabrica46/gokit-crud/app/service/transport.go:15.2,15.21 1 1
github.com/cfabrica46/gokit-crud/app/service/transport.go:12.65,14.3 1 1
github.com/cfabrica46/gokit-crud/app/service/transport.go:19.83,21.65 2 1
github.com/cfabrica46/gokit-crud/app/service/transport.go:24.2,24.21 1 1
github.com/cfabrica46/gokit-crud/app/service/transport.go:21.65,23.3 1 1
github.com/cfabrica46/gokit-crud/app/service/transport.go:28.83,32.2 3 1
github.com/cfabrica46/gokit-crud/app/service/transport.go:35.88,38.2 2 1
github.com/cfabrica46/gokit-crud/app/service/transport.go:41.84,45.2 3 1
github.com/cfabrica46/gokit-crud/app/service/transport.go:48.90,52.2 3 1
github.com/cfabrica46/gokit-crud/app/service/transport.go:55.91,57.2 1 1
github.com/cfabrica46/gokit-crud/app/service/endpoints.go:10.65,11.75 1 1
github.com/cfabrica46/gokit-crud/app/service/endpoints.go:11.75,14.17 3 1
github.com/cfabrica46/gokit-crud/app/service/endpoints.go:17.3,17.40 1 1
github.com/cfabrica46/gokit-crud/app/service/endpoints.go:14.17,16.4 1 1
github.com/cfabrica46/gokit-crud/app/service/endpoints.go:22.65,23.75 1 1
github.com/cfabrica46/gokit-crud/app/service/endpoints.go:23.75,26.17 3 1
github.com/cfabrica46/gokit-crud/app/service/endpoints.go:29.3,29.40 1 1
github.com/cfabrica46/gokit-crud/app/service/endpoints.go:26.17,28.4 1 1
github.com/cfabrica46/gokit-crud/app/service/endpoints.go:34.65,35.75 1 1
github.com/cfabrica46/gokit-crud/app/service/endpoints.go:35.75,38.17 3 1
github.com/cfabrica46/gokit-crud/app/service/endpoints.go:41.3,41.33 1 1
github.com/cfabrica46/gokit-crud/app/service/endpoints.go:38.17,40.4 1 1
github.com/cfabrica46/gokit-crud/app/service/endpoints.go:46.70,47.69 1 1
github.com/cfabrica46/gokit-crud/app/service/endpoints.go:47.69,50.17 2 1
github.com/cfabrica46/gokit-crud/app/service/endpoints.go:53.3,53.45 1 1
github.com/cfabrica46/gokit-crud/app/service/endpoints.go:50.17,52.4 1 1
github.com/cfabrica46/gokit-crud/app/service/endpoints.go:58.66,59.75 1 1
github.com/cfabrica46/gokit-crud/app/service/endpoints.go:59.75,62.17 3 1
github.com/cfabrica46/gokit-crud/app/service/endpoints.go:65.3,65.40 1 1
github.com/cfabrica46/gokit-crud/app/service/endpoints.go:62.17,64.4 1 1
github.com/cfabrica46/gokit-crud/app/service/endpoints.go:70.72,71.75 1 1
github.com/cfabrica46/gokit-crud/app/service/endpoints.go:71.75,74.17 3 1
github.com/cfabrica46/gokit-crud/app/service/endpoints.go:77.3,77.40 1 1
github.com/cfabrica46/gokit-crud/app/service/endpoints.go:74.17,76.4 1 1
github.com/cfabrica46/gokit-crud/app/service/mock.go:33.44,35.2 1 1
github.com/cfabrica46/gokit-crud/app/service/mock.go:37.68,39.2 1 1
github.com/cfabrica46/gokit-crud/app/service/petition.go:15.32,18.25 2 1
github.com/cfabrica46/gokit-crud/app/service/petition.go:25.2,26.16 2 1
github.com/cfabrica46/gokit-crud/app/service/petition.go:30.2,31.16 2 1
github.com/cfabrica46/gokit-crud/app/service/petition.go:34.2,37.8 3 1
github.com/cfabrica46/gokit-crud/app/service/petition.go:18.25,20.17 2 1
github.com/cfabrica46/gokit-crud/app/service/petition.go:20.17,22.4 1 1
github.com/cfabrica46/gokit-crud/app/service/petition.go:26.16,28.3 1 1
github.com/cfabrica46/gokit-crud/app/service/petition.go:31.16,33.3 1 1
github.com/cfabrica46/gokit-crud/app/service/petition.go:40.88,44.16 3 1
github.com/cfabrica46/gokit-crud/app/service/petition.go:48.2,49.16 2 1
github.com/cfabrica46/gokit-crud/app/service/petition.go:53.2,53.24 1 1
github.com/cfabrica46/gokit-crud/app/service/petition.go:57.2,58.8 2 1
github.com/cfabrica46/gokit-crud/app/service/petition.go:44.16,46.3 1 1
github.com/cfabrica46/gokit-crud/app/service/petition.go:49.16,51.3 1 1
github.com/cfabrica46/gokit-crud/app/service/petition.go:53.24,56.3 2 1
github.com/cfabrica46/gokit-crud/app/service/petition.go:62.32,70.16 3 1
github.com/cfabrica46/gokit-crud/app/service/petition.go:74.2,75.16 2 1
github.com/cfabrica46/gokit-crud/app/service/petition.go:78.2,78.24 1 1
github.com/cfabrica46/gokit-crud/app/service/petition.go:82.2,83.8 2 1
github.com/cfabrica46/gokit-crud/app/service/petition.go:70.16,72.3 1 1
github.com/cfabrica46/gokit-crud/app/service/petition.go:75.16,77.3 1 1
github.com/cfabrica46/gokit-crud/app/service/petition.go:78.24,81.3 2 1
github.com/cfabrica46/gokit-crud/app/service/petition.go:87.79,93.16 3 1
github.com/cfabrica46/gokit-crud/app/service/petition.go:97.2,98.16 2 1
github.com/cfabrica46/gokit-crud/app/service/petition.go:102.2,102.24 1 1
github.com/cfabrica46/gokit-crud/app/service/petition.go:107.2,108.8 2 1
github.com/cfabrica46/gokit-crud/app/service/petition.go:93.16,95.3 1 1
github.com/cfabrica46/gokit-crud/app/service/petition.go:98.16,100.3 1 1
github.com/cfabrica46/gokit-crud/app/service/petition.go:102.24,105.3 2 1
github.com/cfabrica46/gokit-crud/app/service/petition.go:112.23,116.16 3 1
github.com/cfabrica46/gokit-crud/app/service/petition.go:120.2,121.16 2 1
github.com/cfabrica46/gokit-crud/app/service/petition.go:125.2,125.24 1 1
github.com/cfabrica46/gokit-crud/app/service/petition.go:129.2,130.8 2 1
github.com/cfabrica46/gokit-crud/app/service/petition.go:116.16,118.3 1 1
github.com/cfabrica46/gokit-crud/app/service/petition.go:121.16,123.3 1 1
github.com/cfabrica46/gokit-crud/app/service/petition.go:125.24,128.3 2 1
github.com/cfabrica46/gokit-crud/app/service/petition.go:133.98,141.16 3 1
github.com/cfabrica46/gokit-crud/app/service/petition.go:145.2,146.16 2 1
github.com/cfabrica46/gokit-crud/app/service/petition.go:149.2,149.24 1 1
github.com/cfabrica46/gokit-crud/app/service/petition.go:153.2,153.8 1 1
github.com/cfabrica46/gokit-crud/app/service/petition.go:141.16,143.3 1 1
github.com/cfabrica46/gokit-crud/app/service/petition.go:146.16,148.3 1 1
github.com/cfabrica46/gokit-crud/app/service/petition.go:149.24,152.3 2 1
github.com/cfabrica46/gokit-crud/app/service/petition.go:156.98,163.16 3 1
github.com/cfabrica46/gokit-crud/app/service/petition.go:167.2,168.16 2 1
github.com/cfabrica46/gokit-crud/app/service/petition.go:171.2,171.24 1 1
github.com/cfabrica46/gokit-crud/app/service/petition.go:175.2,175.8 1 1
github.com/cfabrica46/gokit-crud/app/service/petition.go:163.16,165.3 1 1
github.com/cfabrica46/gokit-crud/app/service/petition.go:168.16,170.3 1 1
github.com/cfabrica46/gokit-crud/app/service/petition.go:171.24,174.3 2 1
github.com/cfabrica46/gokit-crud/app/service/petition.go:179.29,187.16 3 1
github.com/cfabrica46/gokit-crud/app/service/petition.go:191.2,192.16 2 1
github.com/cfabrica46/gokit-crud/app/service/petition.go:195.2,195.24 1 1
github.com/cfabrica46/gokit-crud/app/service/petition.go:200.2,201.8 2 1
github.com/cfabrica46/gokit-crud/app/service/petition.go:187.16,189.3 1 1
github.com/cfabrica46/gokit-crud/app/service/petition.go:192.16,194.3 1 1
github.com/cfabrica46/gokit-crud/app/service/petition.go:195.24,198.3 2 1
github.com/cfabrica46/gokit-crud/app/service/petition.go:205.47,209.16 3 1
github.com/cfabrica46/gokit-crud/app/service/petition.go:213.2,214.16 2 1
github.com/cfabrica46/gokit-crud/app/service/petition.go:218.2,218.24 1 1
github.com/cfabrica46/gokit-crud/app/service/petition.go:223.2,226.8 4 1
github.com/cfabrica46/gokit-crud/app/service/petition.go:209.16,211.3 1 1
github.com/cfabrica46/gokit-crud/app/service/petition.go:214.16,216.3 1 1
github.com/cfabrica46/gokit-crud/app/service/petition.go:218.24,221.3 2 1
github.com/cfabrica46/gokit-crud/app/service/petition.go:229.97,233.16 3 1
github.com/cfabrica46/gokit-crud/app/service/petition.go:237.2,238.16 2 1
github.com/cfabrica46/gokit-crud/app/service/petition.go:242.2,242.24 1 1
github.com/cfabrica46/gokit-crud/app/service/petition.go:246.2,246.8 1 1
github.com/cfabrica46/gokit-crud/app/service/petition.go:233.16,235.3 1 1
github.com/cfabrica46/gokit-crud/app/service/petition.go:238.16,240.3 1 1
github.com/cfabrica46/gokit-crud/app/service/petition.go:242.24,245.3 2 1
github.com/cfabrica46/gokit-crud/app/service/petition.go:250.15,254.16 3 1
github.com/cfabrica46/gokit-crud/app/service/petition.go:258.2,259.16 2 1
github.com/cfabrica46/gokit-crud/app/service/petition.go:263.2,263.24 1 1
github.com/cfabrica46/gokit-crud/app/service/petition.go:267.2,267.8 1 1
github.com/cfabrica46/gokit-crud/app/service/petition.go:254.16,256.3 1 1
github.com/cfabrica46/gokit-crud/app/service/petition.go:259.16,261.3 1 1
github.com/cfabrica46/gokit-crud/app/service/petition.go:263.24,266.3 2 1
github.com/cfabrica46/gokit-crud/app/service/petition.go:271.27,275.16 3 1
github.com/cfabrica46/gokit-crud/app/service/petition.go:279.2,280.16 2 1
github.com/cfabrica46/gokit-crud/app/service/petition.go:283.2,283.24 1 1
github.com/cfabrica46/gokit-crud/app/service/petition.go:288.2,290.8 2 1
github.com/cfabrica46/gokit-crud/app/service/petition.go:275.16,277.3 1 1
github.com/cfabrica46/gokit-crud/app/service/petition.go:280.16,282.3 1 1
github.com/cfabrica46/gokit-crud/app/service/petition.go:283.24,286.3 2 1
