mode: set
github.com/cfabrica46/gokit-crud/app/service/petition.go:14.118,17.25 2 1
github.com/cfabrica46/gokit-crud/app/service/petition.go:24.2,25.16 2 1
github.com/cfabrica46/gokit-crud/app/service/petition.go:29.2,30.16 2 1
github.com/cfabrica46/gokit-crud/app/service/petition.go:33.2,36.8 3 1
github.com/cfabrica46/gokit-crud/app/service/petition.go:17.25,19.17 2 1
github.com/cfabrica46/gokit-crud/app/service/petition.go:19.17,21.4 1 1
github.com/cfabrica46/gokit-crud/app/service/petition.go:25.16,27.3 1 1
github.com/cfabrica46/gokit-crud/app/service/petition.go:30.16,32.3 1 1
github.com/cfabrica46/gokit-crud/app/service/petition.go:39.88,43.16 3 1
github.com/cfabrica46/gokit-crud/app/service/petition.go:47.2,48.16 2 1
github.com/cfabrica46/gokit-crud/app/service/petition.go:52.2,52.24 1 1
github.com/cfabrica46/gokit-crud/app/service/petition.go:56.2,57.8 2 1
github.com/cfabrica46/gokit-crud/app/service/petition.go:43.16,45.3 1 1
github.com/cfabrica46/gokit-crud/app/service/petition.go:48.16,50.3 1 1
github.com/cfabrica46/gokit-crud/app/service/petition.go:52.24,55.3 2 1
github.com/cfabrica46/gokit-crud/app/service/petition.go:60.117,68.16 3 1
github.com/cfabrica46/gokit-crud/app/service/petition.go:72.2,73.16 2 1
github.com/cfabrica46/gokit-crud/app/service/petition.go:76.2,76.24 1 1
github.com/cfabrica46/gokit-crud/app/service/petition.go:80.2,81.8 2 1
github.com/cfabrica46/gokit-crud/app/service/petition.go:68.16,70.3 1 1
github.com/cfabrica46/gokit-crud/app/service/petition.go:73.16,75.3 1 1
github.com/cfabrica46/gokit-crud/app/service/petition.go:76.24,79.3 2 1
github.com/cfabrica46/gokit-crud/app/service/petition.go:84.151,90.16 3 1
github.com/cfabrica46/gokit-crud/app/service/petition.go:94.2,95.16 2 1
github.com/cfabrica46/gokit-crud/app/service/petition.go:99.2,99.24 1 1
github.com/cfabrica46/gokit-crud/app/service/petition.go:103.2,104.8 2 1
github.com/cfabrica46/gokit-crud/app/service/petition.go:90.16,92.3 1 1
github.com/cfabrica46/gokit-crud/app/service/petition.go:95.16,97.3 1 1
github.com/cfabrica46/gokit-crud/app/service/petition.go:99.24,102.3 2 1
github.com/cfabrica46/gokit-crud/app/service/petition.go:107.116,111.16 3 1
github.com/cfabrica46/gokit-crud/app/service/petition.go:115.2,116.16 2 1
github.com/cfabrica46/gokit-crud/app/service/petition.go:120.2,120.24 1 1
github.com/cfabrica46/gokit-crud/app/service/petition.go:124.2,125.8 2 1
github.com/cfabrica46/gokit-crud/app/service/petition.go:111.16,113.3 1 1
github.com/cfabrica46/gokit-crud/app/service/petition.go:116.16,118.3 1 1
github.com/cfabrica46/gokit-crud/app/service/petition.go:120.24,123.3 2 1
github.com/cfabrica46/gokit-crud/app/service/petition.go:128.98,136.16 3 1
github.com/cfabrica46/gokit-crud/app/service/petition.go:140.2,141.16 2 1
github.com/cfabrica46/gokit-crud/app/service/petition.go:144.2,144.24 1 1
github.com/cfabrica46/gokit-crud/app/service/petition.go:148.2,148.8 1 1
github.com/cfabrica46/gokit-crud/app/service/petition.go:136.16,138.3 1 1
github.com/cfabrica46/gokit-crud/app/service/petition.go:141.16,143.3 1 1
github.com/cfabrica46/gokit-crud/app/service/petition.go:144.24,147.3 2 1
github.com/cfabrica46/gokit-crud/app/service/petition.go:151.98,158.16 3 1
github.com/cfabrica46/gokit-crud/app/service/petition.go:162.2,163.16 2 1
github.com/cfabrica46/gokit-crud/app/service/petition.go:166.2,166.24 1 1
github.com/cfabrica46/gokit-crud/app/service/petition.go:170.2,170.8 1 1
github.com/cfabrica46/gokit-crud/app/service/petition.go:158.16,160.3 1 1
github.com/cfabrica46/gokit-crud/app/service/petition.go:163.16,165.3 1 1
github.com/cfabrica46/gokit-crud/app/service/petition.go:166.24,169.3 2 1
github.com/cfabrica46/gokit-crud/app/service/petition.go:173.121,177.16 3 1
github.com/cfabrica46/gokit-crud/app/service/petition.go:181.2,182.16 2 1
github.com/cfabrica46/gokit-crud/app/service/petition.go:186.2,187.8 2 1
github.com/cfabrica46/gokit-crud/app/service/petition.go:177.16,179.3 1 1
github.com/cfabrica46/gokit-crud/app/service/petition.go:182.16,184.3 1 1
github.com/cfabrica46/gokit-crud/app/service/petition.go:190.137,194.16 3 1
github.com/cfabrica46/gokit-crud/app/service/petition.go:198.2,199.16 2 1
github.com/cfabrica46/gokit-crud/app/service/petition.go:203.2,203.24 1 1
github.com/cfabrica46/gokit-crud/app/service/petition.go:208.2,211.8 4 1
github.com/cfabrica46/gokit-crud/app/service/petition.go:194.16,196.3 1 1
github.com/cfabrica46/gokit-crud/app/service/petition.go:199.16,201.3 1 1
github.com/cfabrica46/gokit-crud/app/service/petition.go:203.24,206.3 2 1
github.com/cfabrica46/gokit-crud/app/service/petition.go:214.97,218.16 3 1
github.com/cfabrica46/gokit-crud/app/service/petition.go:222.2,223.16 2 1
github.com/cfabrica46/gokit-crud/app/service/petition.go:227.2,227.24 1 1
github.com/cfabrica46/gokit-crud/app/service/petition.go:231.2,231.8 1 1
github.com/cfabrica46/gokit-crud/app/service/petition.go:218.16,220.3 1 1
github.com/cfabrica46/gokit-crud/app/service/petition.go:223.16,225.3 1 1
github.com/cfabrica46/gokit-crud/app/service/petition.go:227.24,230.3 2 1
github.com/cfabrica46/gokit-crud/app/service/petition.go:234.103,238.16 3 1
github.com/cfabrica46/gokit-crud/app/service/petition.go:242.2,243.16 2 1
github.com/cfabrica46/gokit-crud/app/service/petition.go:247.2,247.24 1 1
github.com/cfabrica46/gokit-crud/app/service/petition.go:251.2,251.8 1 1
github.com/cfabrica46/gokit-crud/app/service/petition.go:238.16,240.3 1 1
github.com/cfabrica46/gokit-crud/app/service/petition.go:243.16,245.3 1 1
github.com/cfabrica46/gokit-crud/app/service/petition.go:247.24,250.3 2 1
github.com/cfabrica46/gokit-crud/app/service/petition.go:254.101,258.16 3 1
github.com/cfabrica46/gokit-crud/app/service/petition.go:262.2,263.16 2 1
github.com/cfabrica46/gokit-crud/app/service/petition.go:266.2,266.8 1 1
github.com/cfabrica46/gokit-crud/app/service/petition.go:258.16,260.3 1 1
github.com/cfabrica46/gokit-crud/app/service/petition.go:263.16,265.3 1 1
github.com/cfabrica46/gokit-crud/app/service/service.go:29.98,31.2 1 1
github.com/cfabrica46/gokit-crud/app/service/service.go:33.85,38.16 4 1
github.com/cfabrica46/gokit-crud/app/service/service.go:42.2,43.16 2 1
github.com/cfabrica46/gokit-crud/app/service/service.go:47.2,48.16 2 1
github.com/cfabrica46/gokit-crud/app/service/service.go:52.2,53.16 2 1
github.com/cfabrica46/gokit-crud/app/service/service.go:56.2,56.8 1 1
github.com/cfabrica46/gokit-crud/app/service/service.go:38.16,40.3 1 1
github.com/cfabrica46/gokit-crud/app/service/service.go:43.16,45.3 1 0
github.com/cfabrica46/gokit-crud/app/service/service.go:48.16,50.3 1 0
github.com/cfabrica46/gokit-crud/app/service/service.go:53.16,55.3 1 0
github.com/cfabrica46/gokit-crud/app/service/service.go:59.78,64.16 4 1
github.com/cfabrica46/gokit-crud/app/service/service.go:68.2,69.16 2 1
github.com/cfabrica46/gokit-crud/app/service/service.go:73.2,74.16 2 1
github.com/cfabrica46/gokit-crud/app/service/service.go:77.2,77.8 1 1
github.com/cfabrica46/gokit-crud/app/service/service.go:64.16,66.3 1 1
github.com/cfabrica46/gokit-crud/app/service/service.go:69.16,71.3 1 0
github.com/cfabrica46/gokit-crud/app/service/service.go:74.16,76.3 1 0
github.com/cfabrica46/gokit-crud/app/service/service.go:80.51,84.16 3 1
github.com/cfabrica46/gokit-crud/app/service/service.go:88.2,89.16 2 1
github.com/cfabrica46/gokit-crud/app/service/service.go:92.2,92.8 1 1
github.com/cfabrica46/gokit-crud/app/service/service.go:84.16,86.3 1 0
github.com/cfabrica46/gokit-crud/app/service/service.go:89.16,91.3 1 1
github.com/cfabrica46/gokit-crud/app/service/service.go:95.64,99.16 3 1
github.com/cfabrica46/gokit-crud/app/service/service.go:102.2,102.8 1 1
github.com/cfabrica46/gokit-crud/app/service/service.go:99.16,101.3 1 1
github.com/cfabrica46/gokit-crud/app/service/service.go:105.69,110.16 4 1
github.com/cfabrica46/gokit-crud/app/service/service.go:114.2,115.16 2 1
github.com/cfabrica46/gokit-crud/app/service/service.go:119.2,120.16 2 1
github.com/cfabrica46/gokit-crud/app/service/service.go:123.2,123.8 1 1
github.com/cfabrica46/gokit-crud/app/service/service.go:110.16,112.3 1 0
github.com/cfabrica46/gokit-crud/app/service/service.go:115.16,117.3 1 1
github.com/cfabrica46/gokit-crud/app/service/service.go:120.16,122.3 1 0
github.com/cfabrica46/gokit-crud/app/service/service.go:126.58,131.16 4 1
github.com/cfabrica46/gokit-crud/app/service/service.go:135.2,136.16 2 1
github.com/cfabrica46/gokit-crud/app/service/service.go:140.2,141.16 2 1
github.com/cfabrica46/gokit-crud/app/service/service.go:144.2,144.8 1 1
github.com/cfabrica46/gokit-crud/app/service/service.go:131.16,133.3 1 0
github.com/cfabrica46/gokit-crud/app/service/service.go:136.16,138.3 1 1
github.com/cfabrica46/gokit-crud/app/service/service.go:141.16,143.3 1 0
