mode: set
github.com/cfabrica46/gokit-crud/token-app/service/service.go:26.28,28.2 1 1
github.com/cfabrica46/gokit-crud/token-app/service/service.go:30.40,31.19 1 1
github.com/cfabrica46/gokit-crud/token-app/service/service.go:39.2,39.8 1 1
github.com/cfabrica46/gokit-crud/token-app/service/service.go:31.19,38.3 2 1
github.com/cfabrica46/gokit-crud/token-app/service/service.go:42.92,52.2 3 1
github.com/cfabrica46/gokit-crud/token-app/service/service.go:54.104,56.16 2 1
github.com/cfabrica46/gokit-crud/token-app/service/service.go:60.2,65.8 6 1
github.com/cfabrica46/gokit-crud/token-app/service/service.go:56.16,58.3 1 1
github.com/cfabrica46/gokit-crud/token-app/service/service.go:68.54,70.16 2 1
github.com/cfabrica46/gokit-crud/token-app/service/service.go:73.2,73.8 1 1
github.com/cfabrica46/gokit-crud/token-app/service/service.go:70.16,72.3 1 1
github.com/cfabrica46/gokit-crud/token-app/service/service.go:76.51,78.2 1 1
github.com/cfabrica46/gokit-crud/token-app/service/service.go:80.67,82.16 2 1
github.com/cfabrica46/gokit-crud/token-app/service/service.go:90.2,90.19 1 1
github.com/cfabrica46/gokit-crud/token-app/service/service.go:93.2,93.8 1 1
github.com/cfabrica46/gokit-crud/token-app/service/service.go:82.16,83.39 1 1
github.com/cfabrica46/gokit-crud/token-app/service/service.go:87.3,87.9 1 1
github.com/cfabrica46/gokit-crud/token-app/service/service.go:83.39,86.4 2 1
github.com/cfabrica46/gokit-crud/token-app/service/service.go:90.19,92.3 1 1
github.com/cfabrica46/gokit-crud/token-app/service/service.go:96.73,97.53 1 1
github.com/cfabrica46/gokit-crud/token-app/service/service.go:97.53,98.58 1 1
github.com/cfabrica46/gokit-crud/token-app/service/service.go:102.3,102.21 1 1
github.com/cfabrica46/gokit-crud/token-app/service/service.go:98.58,100.4 1 1
github.com/cfabrica46/gokit-crud/token-app/service/credentials.go:10.13,13.16 3 1
github.com/cfabrica46/gokit-crud/token-app/service/credentials.go:17.2,18.37 2 1
github.com/cfabrica46/gokit-crud/token-app/service/credentials.go:13.16,15.3 1 1
github.com/cfabrica46/gokit-crud/token-app/service/endpoints.go:15.64,16.75 1 1
github.com/cfabrica46/gokit-crud/token-app/service/endpoints.go:16.75,20.3 3 1
github.com/cfabrica46/gokit-crud/token-app/service/endpoints.go:23.63,24.75 1 1
github.com/cfabrica46/gokit-crud/token-app/service/endpoints.go:24.75,27.17 3 1
github.com/cfabrica46/gokit-crud/token-app/service/endpoints.go:30.3,30.60 1 1
github.com/cfabrica46/gokit-crud/token-app/service/endpoints.go:27.17,29.4 1 1
github.com/cfabrica46/gokit-crud/token-app/service/endpoints.go:34.59,35.75 1 1
github.com/cfabrica46/gokit-crud/token-app/service/endpoints.go:35.75,38.17 3 1
github.com/cfabrica46/gokit-crud/token-app/service/endpoints.go:41.3,41.35 1 1
github.com/cfabrica46/gokit-crud/token-app/service/endpoints.go:38.17,40.4 1 1
github.com/cfabrica46/gokit-crud/token-app/service/endpoints.go:45.62,46.75 1 1
github.com/cfabrica46/gokit-crud/token-app/service/endpoints.go:46.75,49.17 3 1
github.com/cfabrica46/gokit-crud/token-app/service/endpoints.go:52.3,52.38 1 1
github.com/cfabrica46/gokit-crud/token-app/service/endpoints.go:49.17,51.4 1 1
github.com/cfabrica46/gokit-crud/token-app/service/endpoints.go:56.61,57.75 1 1
github.com/cfabrica46/gokit-crud/token-app/service/endpoints.go:57.75,60.17 3 1
github.com/cfabrica46/gokit-crud/token-app/service/endpoints.go:63.3,63.44 1 1
github.com/cfabrica46/gokit-crud/token-app/service/endpoints.go:60.17,62.4 1 1
