mode: set
github.com/cfabrica46/gokit-crud/token-app/service/service.go:26.28,28.2 1 1
github.com/cfabrica46/gokit-crud/token-app/service/service.go:30.40,31.19 1 1
github.com/cfabrica46/gokit-crud/token-app/service/service.go:39.2,39.8 1 1
github.com/cfabrica46/gokit-crud/token-app/service/service.go:31.19,38.3 2 1
github.com/cfabrica46/gokit-crud/token-app/service/service.go:42.103,52.2 3 1
github.com/cfabrica46/gokit-crud/token-app/service/service.go:54.103,56.16 2 1
github.com/cfabrica46/gokit-crud/token-app/service/service.go:60.2,65.8 6 1
github.com/cfabrica46/gokit-crud/token-app/service/service.go:56.16,58.3 1 1
github.com/cfabrica46/gokit-crud/token-app/service/service.go:68.54,70.16 2 1
github.com/cfabrica46/gokit-crud/token-app/service/service.go:73.2,73.8 1 1
github.com/cfabrica46/gokit-crud/token-app/service/service.go:70.16,72.3 1 1
github.com/cfabrica46/gokit-crud/token-app/service/service.go:76.51,78.2 1 1
github.com/cfabrica46/gokit-crud/token-app/service/service.go:80.67,82.16 2 1
github.com/cfabrica46/gokit-crud/token-app/service/service.go:90.2,90.19 1 1
github.com/cfabrica46/gokit-crud/token-app/service/service.go:93.2,93.8 1 1
github.com/cfabrica46/gokit-crud/token-app/service/service.go:82.16,83.39 1 1
github.com/cfabrica46/gokit-crud/token-app/service/service.go:87.3,87.9 1 1
github.com/cfabrica46/gokit-crud/token-app/service/service.go:83.39,86.4 2 1
github.com/cfabrica46/gokit-crud/token-app/service/service.go:90.19,92.3 1 1
github.com/cfabrica46/gokit-crud/token-app/service/service.go:96.73,97.53 1 1
github.com/cfabrica46/gokit-crud/token-app/service/service.go:97.53,98.58 1 1
github.com/cfabrica46/gokit-crud/token-app/service/service.go:102.3,102.21 1 1
github.com/cfabrica46/gokit-crud/token-app/service/service.go:98.58,100.4 1 1
github.com/cfabrica46/gokit-crud/token-app/service/credentials.go:10.13,13.16 3 1
github.com/cfabrica46/gokit-crud/token-app/service/credentials.go:17.2,18.37 2 1
github.com/cfabrica46/gokit-crud/token-app/service/credentials.go:13.16,15.3 1 1
