mode: set
github.com/cfabrica46/gokit-crud/database-app/service/service.go:23.31,25.2 1 1
github.com/cfabrica46/gokit-crud/database-app/service/service.go:27.67,28.19 1 1
github.com/cfabrica46/gokit-crud/database-app/service/service.go:38.2,38.8 1 1
github.com/cfabrica46/gokit-crud/database-app/service/service.go:28.19,30.17 2 1
github.com/cfabrica46/gokit-crud/database-app/service/service.go:33.3,34.17 2 1
github.com/cfabrica46/gokit-crud/database-app/service/service.go:30.17,32.4 1 1
github.com/cfabrica46/gokit-crud/database-app/service/service.go:34.17,36.4 1 1
github.com/cfabrica46/gokit-crud/database-app/service/service.go:41.67,43.16 2 1
github.com/cfabrica46/gokit-crud/database-app/service/service.go:47.2,47.18 1 1
github.com/cfabrica46/gokit-crud/database-app/service/service.go:52.2,52.8 1 1
github.com/cfabrica46/gokit-crud/database-app/service/service.go:43.16,45.3 1 1
github.com/cfabrica46/gokit-crud/database-app/service/service.go:47.18,51.3 3 1
github.com/cfabrica46/gokit-crud/database-app/service/service.go:55.78,57.16 2 1
github.com/cfabrica46/gokit-crud/database-app/service/service.go:61.2,62.16 2 1
github.com/cfabrica46/gokit-crud/database-app/service/service.go:65.2,65.8 1 1
github.com/cfabrica46/gokit-crud/database-app/service/service.go:57.16,59.3 1 1
github.com/cfabrica46/gokit-crud/database-app/service/service.go:62.16,64.3 1 1
github.com/cfabrica46/gokit-crud/database-app/service/service.go:68.89,70.16 2 1
github.com/cfabrica46/gokit-crud/database-app/service/service.go:74.2,77.8 4 1
github.com/cfabrica46/gokit-crud/database-app/service/service.go:70.16,72.3 1 1
