mode: set
github.com/cfabrica46/gokit-crud/database-app/service/service.go:22.31,24.2 1 1
github.com/cfabrica46/gokit-crud/database-app/service/service.go:26.67,27.19 1 1
github.com/cfabrica46/gokit-crud/database-app/service/service.go:37.2,37.8 1 1
github.com/cfabrica46/gokit-crud/database-app/service/service.go:27.19,29.17 2 1
github.com/cfabrica46/gokit-crud/database-app/service/service.go:32.3,33.17 2 1
github.com/cfabrica46/gokit-crud/database-app/service/service.go:29.17,31.4 1 1
github.com/cfabrica46/gokit-crud/database-app/service/service.go:33.17,35.4 1 1
github.com/cfabrica46/gokit-crud/database-app/service/service.go:40.78,42.16 2 1
github.com/cfabrica46/gokit-crud/database-app/service/service.go:46.2,47.16 2 1
github.com/cfabrica46/gokit-crud/database-app/service/service.go:50.2,50.8 1 1
github.com/cfabrica46/gokit-crud/database-app/service/service.go:42.16,44.3 1 1
github.com/cfabrica46/gokit-crud/database-app/service/service.go:47.16,49.3 1 1
github.com/cfabrica46/gokit-crud/database-app/service/service.go:53.89,55.16 2 1
github.com/cfabrica46/gokit-crud/database-app/service/service.go:59.2,62.8 4 1
github.com/cfabrica46/gokit-crud/database-app/service/service.go:55.16,57.3 1 1
